<?xml version="1.0" encoding="UTF-8"?>
<!-- Generated by org.testng.reporters.JUnitReportReporter -->
<testsuite skipped="0" hostname="Abdullahs-MacBook-Pro.local" name="ScreenShots.AmazonScreenshot" tests="1" failures="0" timestamp="10 Sep 2017 18:37:13 GMT" time="14.499" errors="0">
  <testcase name="TakeAmazonScreenshot" time="14.499" classname="ScreenShots.AmazonScreenshot"/>
</testsuite> <!-- ScreenShots.AmazonScreenshot -->
