<?xml version="1.0" encoding="UTF-8"?>
<!-- Generated by org.testng.reporters.JUnitReportReporter -->
<testsuite skipped="0" hostname="Abdullahs-MacBook-Pro.local" name="scrollPage.ScrollDown" tests="1" failures="0" timestamp="11 Sep 2017 19:42:19 GMT" time="5.103" errors="0">
  <testcase name="ScrollPageDown" time="5.103" classname="scrollPage.ScrollDown"/>
</testsuite> <!-- scrollPage.ScrollDown -->
