<?xml version="1.0" encoding="UTF-8"?>
<!-- Generated by org.testng.reporters.JUnitReportReporter -->
<testsuite skipped="0" hostname="Abdullahs-MacBook-Pro.local" name="Assertion.GmailAssert" tests="1" failures="0" timestamp="10 Sep 2017 21:42:16 GMT" time="3.992" errors="0">
  <testcase name="AssertGmail" time="3.992" classname="Assertion.GmailAssert"/>
</testsuite> <!-- Assertion.GmailAssert -->
