<?xml version="1.0" encoding="UTF-8"?>
<!-- Generated by org.testng.reporters.JUnitReportReporter -->
<testsuite skipped="0" hostname="Abdullahs-MacBook-Pro.local" name="BootstrapDropDown" tests="1" failures="0" timestamp="11 Sep 2017 18:54:44 GMT" time="22.775" errors="0">
  <testcase name="FacebookLogfOut" time="22.775" classname="BootstrapDropDown"/>
</testsuite> <!-- BootstrapDropDown -->
