<?xml version="1.0" encoding="UTF-8"?>
<!-- Generated by org.testng.reporters.JUnitReportReporter -->
<testsuite skipped="0" hostname="Abdullahs-MacBook-Pro.local" name="Assertion.FacebookAssert" tests="1" failures="0" timestamp="10 Sep 2017 20:52:42 GMT" time="1.701" errors="0">
  <testcase name="AssertFacebook" time="1.701" classname="Assertion.FacebookAssert"/>
</testsuite> <!-- Assertion.FacebookAssert -->
