<?xml version="1.0" encoding="UTF-8"?>
<!-- Generated by org.testng.reporters.JUnitReportReporter -->
<testsuite skipped="0" hostname="Abdullahs-MacBook-Pro.local" name="ScreenShots.ScreenshotEbay" tests="1" failures="0" timestamp="10 Sep 2017 19:15:13 GMT" time="15.113" errors="0">
  <testcase name="EbayScreenshot" time="15.113" classname="ScreenShots.ScreenshotEbay"/>
</testsuite> <!-- ScreenShots.ScreenshotEbay -->
