<?xml version="1.0" encoding="UTF-8"?>
<!-- Generated by org.testng.reporters.JUnitReportReporter -->
<testsuite skipped="0" hostname="Abdullahs-MacBook-Pro.local" name="ScreenShots.FacebookScreenShot" tests="1" failures="0" timestamp="10 Sep 2017 18:18:12 GMT" time="7.444" errors="0">
  <testcase name="TakeScreenshot" time="7.444" classname="ScreenShots.FacebookScreenShot"/>
</testsuite> <!-- ScreenShots.FacebookScreenShot -->
