<?xml version="1.0" encoding="UTF-8"?>
<!-- Generated by org.testng.reporters.JUnitReportReporter -->
<testsuite skipped="0" hostname="Abdullahs-MacBook-Pro.local" name="com.amazon.testCases.AmazonTests" tests="1" failures="0" timestamp="12 Sep 2017 21:50:53 GMT" time="34.815" errors="0">
  <testcase name="Amazon" time="34.815" classname="com.amazon.testCases.AmazonTests"/>
</testsuite> <!-- com.amazon.testCases.AmazonTests -->
