<?xml version="1.0" encoding="UTF-8"?>
<!-- Generated by org.testng.reporters.JUnitReportReporter -->
<testsuite skipped="0" hostname="Abdullahs-MacBook-Pro.local" name="com.wordpress.testCases.VarifyValidLoginNew" tests="1" failures="0" timestamp="12 Sep 2017 02:57:03 GMT" time="13.792" errors="0">
  <testcase name="checkValidUser" time="13.792" classname="com.wordpress.testCases.VarifyValidLoginNew"/>
</testsuite> <!-- com.wordpress.testCases.VarifyValidLoginNew -->
